  AVM.cpp
D:\desktop\3'th\AVM\AVM.cpp(8): error C4235: использовано нестандартное расширение: ключевое слово "__asm" данной архитектурой не поддерживается
D:\desktop\3'th\AVM\AVM.cpp(10): error C2065: mov: необъявленный идентификатор
D:\desktop\3'th\AVM\AVM.cpp(10): error C2146: синтаксическая ошибка: отсутствие ";" перед идентификатором "ax"
D:\desktop\3'th\AVM\AVM.cpp(10): error C2065: ax: необъявленный идентификатор
D:\desktop\3'th\AVM\AVM.cpp(11): error C2065: mov: необъявленный идентификатор
D:\desktop\3'th\AVM\AVM.cpp(11): error C2146: синтаксическая ошибка: отсутствие ";" перед идентификатором "cx"
D:\desktop\3'th\AVM\AVM.cpp(11): error C2065: cx: необъявленный идентификатор
D:\desktop\3'th\AVM\AVM.cpp(14): error C2065: mul: необъявленный идентификатор
D:\desktop\3'th\AVM\AVM.cpp(14): error C2146: синтаксическая ошибка: отсутствие ";" перед идентификатором "cx"
D:\desktop\3'th\AVM\AVM.cpp(14): error C2065: cx: необъявленный идентификатор
D:\desktop\3'th\AVM\AVM.cpp(14): error C2065: умножаем: необъявленный идентификатор
D:\desktop\3'th\AVM\AVM.cpp(14): error C2146: синтаксическая ошибка: отсутствие ";" перед идентификатором "eax"
D:\desktop\3'th\AVM\AVM.cpp(14): error C2065: eax: необъявленный идентификатор
D:\desktop\3'th\AVM\AVM.cpp(14): error C2146: синтаксическая ошибка: отсутствие ";" перед идентификатором "на"
D:\desktop\3'th\AVM\AVM.cpp(14): error C2065: на: необъявленный идентификатор
D:\desktop\3'th\AVM\AVM.cpp(14): error C2146: синтаксическая ошибка: отсутствие ";" перед идентификатором "ecx"
D:\desktop\3'th\AVM\AVM.cpp(14): error C2065: ecx: необъявленный идентификатор
D:\desktop\3'th\AVM\AVM.cpp(15): error C2146: синтаксическая ошибка: отсутствие ";" перед идентификатором "dec"
D:\desktop\3'th\AVM\AVM.cpp(15): error C2146: синтаксическая ошибка: отсутствие ";" перед идентификатором "cx"
D:\desktop\3'th\AVM\AVM.cpp(15): warning C4551: в вызове функции отсутствует список аргументов
D:\desktop\3'th\AVM\AVM.cpp(15): error C2065: cx: необъявленный идентификатор
D:\desktop\3'th\AVM\AVM.cpp(15): error C2065: вычитаем: необъявленный идентификатор
D:\desktop\3'th\AVM\AVM.cpp(15): error C2146: синтаксическая ошибка: отсутствие ";" перед идентификатором "из"
D:\desktop\3'th\AVM\AVM.cpp(15): error C2065: из: необъявленный идентификатор
D:\desktop\3'th\AVM\AVM.cpp(15): error C2146: синтаксическая ошибка: отсутствие ";" перед идентификатором "ecx"
D:\desktop\3'th\AVM\AVM.cpp(15): error C2065: ecx: необъявленный идентификатор
D:\desktop\3'th\AVM\AVM.cpp(15): error C2146: синтаксическая ошибка: отсутствие ";" перед идентификатором "еденицу"
D:\desktop\3'th\AVM\AVM.cpp(15): error C2065: еденицу: необъявленный идентификатор
D:\desktop\3'th\AVM\AVM.cpp(16): error C2146: синтаксическая ошибка: отсутствие ";" перед идентификатором "cmp"
D:\desktop\3'th\AVM\AVM.cpp(16): error C2065: cmp: необъявленный идентификатор
D:\desktop\3'th\AVM\AVM.cpp(16): error C2146: синтаксическая ошибка: отсутствие ";" перед идентификатором "cx"
D:\desktop\3'th\AVM\AVM.cpp(16): error C2065: cx: необъявленный идентификатор
D:\desktop\3'th\AVM\AVM.cpp(16): error C2065: проверяем: необъявленный идентификатор
D:\desktop\3'th\AVM\AVM.cpp(16): error C2146: синтаксическая ошибка: отсутствие ";" перед идентификатором "не"
D:\desktop\3'th\AVM\AVM.cpp(16): error C2065: не: необъявленный идентификатор
D:\desktop\3'th\AVM\AVM.cpp(16): error C2146: синтаксическая ошибка: отсутствие ";" перед идентификатором "равен"
D:\desktop\3'th\AVM\AVM.cpp(16): error C2065: равен: необъявленный идентификатор
D:\desktop\3'th\AVM\AVM.cpp(16): error C2146: синтаксическая ошибка: отсутствие ";" перед идентификатором "ли"
D:\desktop\3'th\AVM\AVM.cpp(16): error C2065: ли: необъявленный идентификатор
D:\desktop\3'th\AVM\AVM.cpp(16): error C2146: синтаксическая ошибка: отсутствие ";" перед идентификатором "ECX"
D:\desktop\3'th\AVM\AVM.cpp(16): error C2065: ECX: необъявленный идентификатор
D:\desktop\3'th\AVM\AVM.cpp(16): error C2146: синтаксическая ошибка: отсутствие ";" перед идентификатором "еденице"
D:\desktop\3'th\AVM\AVM.cpp(16): error C2065: еденице: необъявленный идентификатор
D:\desktop\3'th\AVM\AVM.cpp(17): error C2146: синтаксическая ошибка: отсутствие ";" перед идентификатором "jne"
D:\desktop\3'th\AVM\AVM.cpp(17): error C2065: jne: необъявленный идентификатор
D:\desktop\3'th\AVM\AVM.cpp(17): error C2146: синтаксическая ошибка: отсутствие ";" перед идентификатором "factCycle"
D:\desktop\3'th\AVM\AVM.cpp(17): error C2065: factCycle: необъявленный идентификатор
D:\desktop\3'th\AVM\AVM.cpp(17): error C2065: JNE: необъявленный идентификатор
D:\desktop\3'th\AVM\AVM.cpp(17): error C2065: JUMP: необъявленный идентификатор
D:\desktop\3'th\AVM\AVM.cpp(17): error C2143: синтаксическая ошибка: отсутствие ";" перед "if"
D:\desktop\3'th\AVM\AVM.cpp(17): error C2061: синтаксическая ошибка: идентификатор "NOT"
